Diagnose log at 2024-10-05T05:47:21Z

AppPath: D:\devBin\Git\mingw64\bin\git-credential-manager.exe
InstallDir: D:\devBin\Git\mingw64\bin\
Version: 2.5.1+90d5f897f164a8fe07d2aa3bf7db439b0b4e03ea

------------
Diagnostic: Environment
Skipped: False
Success: True
Exception: None
Log:
OSType: Windows
OSVersion: 10.0 (build 19045)
Reading environment variables... OK
 Variables:
HOMEPATH=\Users\zes
DriverData=C:\Windows\System32\Drivers\DriverData
COMPUTERNAME=DESKTOP-9KSF8IV
GIT_TRACE2_PARENT_SID=a63fc7b7-3c4f-484a-b64b-c0e215a03271
CommonProgramFiles(x86)=C:\Program Files (x86)\Common Files
SESSIONNAME=Console
NODE_SKIP_PLATFORM_CHECK=1
TMP=c:\temp
PROCESSOR_REVISION=9e0a
PATHEXT=.COM;.EXE;.BAT;.CMD;.VBS;.VBE;.JS;.JSE;.WSF;.WSH;.MSC;.PY;.PYW
GIT_EXEC_PATH=D:/devBin/Git/mingw64/libexec/git-core
TEMP=c:\temp
LOCALAPPDATA=C:\Users\zes\AppData\Local
MSYSTEM=MINGW64
TERM=xterm-256color
M2_HOME=D:\jmaven
COLORTERM=truecolor
JAVA_HOME=D:\jjdk\8
USERDOMAIN=DESKTOP-9KSF8IV
ProgramFiles(x86)=C:\Program Files (x86)
Path=D:/devBin/Git/mingw64/libexec/git-core;D:\devBin\Git\mingw64\bin;D:\devBin\Git\usr\bin;C:\Users\zes\bin;C:\Program Files\VanDyke Software\SecureFX\;D:\db\oracle\app\oracle\product\11.2.0\server\bin;C:\Program Files\Python38\Scripts\;C:\Program Files\Python38\;C:\Windows\system32;C:\Windows;C:\Windows\System32\Wbem;C:\Windows\System32\WindowsPowerShell\v1.0\;C:\Windows\System32\OpenSSH\;C:\Program Files\Microsoft SQL Server\130\Tools\Binn\;D:\devBin\Git\cmd;C:\Program Files\Sublime Text;d:\vscode;D:\jjdk\8\bin;D:\jmaven\bin;D:\devBin\wget;D:\db\mysql8\bin;D:\devBin\sqlite;D:\node;D:\devBin\cmake\bin;D:\winlibs\mingw64\bin;
NPM_CONFIG_USERCONFIG=d:\node_setting\.npmrc
PROCESSOR_LEVEL=6
PROCESSOR_IDENTIFIER=Intel64 Family 6 Model 158 Stepping 10, GenuineIntel
TMPDIR=c:\temp
PROMPT=$P$G
PSModulePath=C:\Program Files\WindowsPowerShell\Modules;C:\Windows\system32\WindowsPowerShell\v1.0\Modules
PUBLIC=C:\Users\Public
NUMBER_OF_PROCESSORS=3
FPS_BROWSER_USER_PROFILE_STRING=Default
CommonProgramFiles=C:\Program Files (x86)\Common Files
PLINK_PROTOCOL=ssh
ProgramData=C:\ProgramData
MSYS=disable_pcon
ProgramFiles=C:\Program Files (x86)
ProgramW6432=C:\Program Files
HOME=C:\Users\zes
LC_CTYPE=C.UTF-8
CommonProgramW6432=C:\Program Files\Common Files
LOGONSERVER=\\DESKTOP-9KSF8IV
USERPROFILE=C:\Users\zes
SystemRoot=C:\Windows
GRADLE_USER_HOME= D:\spr\gradle_st
USERDOMAIN_ROAMINGPROFILE=DESKTOP-9KSF8IV
APPDATA=C:\Users\zes\AppData\Roaming
HOMEDRIVE=C:
USERNAME=zes
PROCESSOR_ARCHITEW6432=AMD64
FPS_BROWSER_APP_PROFILE_STRING=Internet Explorer
PROCESSOR_ARCHITECTURE=x86
OS=Windows_NT
ComSpec=C:\Windows\system32\cmd.exe
SystemDrive=C:
windir=C:\Windows
ALLUSERSPROFILE=C:\ProgramData


------------
Diagnostic: File system
Skipped: False
Success: True
Exception: None
Log:
Temporary directory is 'c:\temp\'...
Checking basic file I/O...
Writing to temporary file 'c:\temp\a58f4b3fa120de7498b27f24'... OK
Reading from temporary file 'c:\temp\a58f4b3fa120de7498b27f24'... OK
Deleting temporary file 'c:\temp\a58f4b3fa120de7498b27f24'... OK
Testing IFileSystem instance...
UserHomePath: C:\Users\zes
UserDataDirectoryPath: C:\Users\zes\.gcm
GetCurrentDirectory(): d:\lab\gitdummy\dummy_detail

------------
Diagnostic: Networking
Skipped: False
Success: True
Exception: None
Log:
Checking networking and HTTP stack...
Creating HTTP client... OK
IsNetworkAvailable: True
Sending HEAD request to http://example.com...Sending HEAD request to https://example.com... OK
 OK
Acquiring free TCP port... OK
Testing local HTTP loopback connections...
Creating new HTTP listener for http://localhost:1545/... OK
Waiting for loopback connection... OK
Writing response... OK
Waiting for response data... OK
Loopback connection data OK

------------
Diagnostic: Git
Skipped: False
Success: True
Exception: None
Log:
Getting Git version... OK
Git version is '2.46.2.windows.1'
Locating current repository...Git repository at 'D:/lab/gitdummy/dummy_detail/.git'
 OK
Listing all Git configuration... OK
Git configuration:
file:D:/devBin/Git/etc/gitconfig	diff.astextplain.textconv=astextplain
file:D:/devBin/Git/etc/gitconfig	filter.lfs.clean=git-lfs clean -- %f
file:D:/devBin/Git/etc/gitconfig	filter.lfs.smudge=git-lfs smudge -- %f
file:D:/devBin/Git/etc/gitconfig	filter.lfs.process=git-lfs filter-process
file:D:/devBin/Git/etc/gitconfig	filter.lfs.required=true
file:D:/devBin/Git/etc/gitconfig	http.sslbackend=openssl
file:D:/devBin/Git/etc/gitconfig	http.sslcainfo=D:/devBin/Git/mingw64/etc/ssl/certs/ca-bundle.crt
file:D:/devBin/Git/etc/gitconfig	core.autocrlf=true
file:D:/devBin/Git/etc/gitconfig	core.fscache=true
file:D:/devBin/Git/etc/gitconfig	core.symlinks=false
file:D:/devBin/Git/etc/gitconfig	core.editor="C:\\Program Files\\Sublime Text\\subl.exe" -w
file:D:/devBin/Git/etc/gitconfig	pull.rebase=false
file:D:/devBin/Git/etc/gitconfig	credential.helper=manager
file:D:/devBin/Git/etc/gitconfig	credential.https://dev.azure.com.usehttppath=true
file:D:/devBin/Git/etc/gitconfig	init.defaultbranch=master
file:C:/Users/zes/.gitconfig	user.name=nansaram
file:C:/Users/zes/.gitconfig	user.email=mazimagi@outlook.com
file:.git/config	core.repositoryformatversion=0
file:.git/config	core.filemode=false
file:.git/config	core.bare=false
file:.git/config	core.logallrefupdates=true
file:.git/config	core.symlinks=false
file:.git/config	core.ignorecase=true
file:.git/config	remote.origin.url=https://github.com/nansaram/dummy_detail.git
file:.git/config	remote.origin.fetch=+refs/heads/*:refs/remotes/origin/*
file:.git/config	branch.main.remote=origin
file:.git/config	branch.main.merge=refs/heads/main


------------
Diagnostic: Credential storage
Skipped: False
Success: True
Exception: None
Log:
ICredentialStore instance is of type: CredentialStore
Writing test credential... OK
Reading test credential... OK
Deleting test credential... OK

------------
Diagnostic: Microsoft authentication (AAD/MSA)
Skipped: False
Success: True
Exception: None
Log:
Broker is not enabled.
Flow type is: Auto
Gathering MSAL token cache data... OK
CacheDirectory: C:\Users\zes\AppData\Local\.IdentityService
CacheFileName: msal.cache
CacheFilePath: C:\Users\zes\AppData\Local\.IdentityService\msal.cache
Creating cache helper... OK
Verifying MSAL token cache persistence... OK

------------
Diagnostic: GitHub API
Skipped: False
Success: True
Exception: None
Log:
Using 'https://github.com/' as API target.
Querying '/meta' endpoint... OK

